Base path: /Applications/Unity/Unity.app/Contents
Cmd: initializeCompiler
Cmd: translateComputeKernel
  api=14 insize=873 outsize=909 ok=1
Cmd: compileComputeKernel
  api=14 insize=1435 outsize=7377 ok=1
Cmd: translateComputeKernel
  api=14 insize=7377 outsize=3117 ok=1
Cmd: compileComputeKernel
  api=14 insize=3273 outsize=6525 ok=1
Cmd: translateComputeKernel
  api=14 insize=6597 outsize=1561 ok=1
Cmd: initializeCompiler
Cmd: initializeCompiler
Cmd: initializeCompiler
Cmd: initializeCompiler
Cmd: initializeCompiler
Cmd: initializeCompiler
Cmd: initializeCompiler
Cmd: initializeCompiler
